2025-06-26 13:07:16 | Copied Journalist
2025-06-26 13:25:49 | Copied AbcFilter
2025-06-26 13:25:49 | Copied CareerTune
2025-06-26 13:25:49 | Copied CorpType
2025-06-26 13:25:49 | Copied DailyTagging
2025-06-26 13:25:49 | Copied ExcelErrorMail
2025-06-26 13:25:49 | Copied ExcelEtc
2025-06-26 13:25:49 | Copied ExcelGaonWire
2025-06-26 13:25:50 | Copied ExcelJ
2025-06-26 13:25:50 | Copied ExcelJournalist
2025-06-26 13:25:50 | Copied ExcelMedia
2025-06-26 13:25:50 | Copied ExcelNwBlogger
2025-06-26 13:25:50 | Copied ExcelRankeyBlog
2025-06-26 13:25:50 | Copied HalfYearlyTagging
2025-06-26 13:25:50 | Copied JoinAdminToBbPermission
2025-06-26 13:25:50 | Copied JoinAreaToContinent
2025-06-26 13:25:50 | Copied JoinAreaToTagSubCategory
2025-06-26 13:25:50 | Copied JoinJrnlstSrchOptToTagSubCategory
2025-06-26 13:25:50 | Copied JoinJrnlstSrchOptToUser
2025-06-26 13:25:50 | Copied JoinOrgToJrnlstSrchOpt
2025-06-26 13:25:50 | Copied JoinOrgToMediaSrchOpt
2025-06-26 13:25:50 | Copied JoinRunningItemToJrnlstVer
2025-06-26 13:25:50 | Copied JoinTagSubCtegoryToJrnlstsSaved
2025-06-26 13:25:50 | Copied JoinTeamToBbsPermission
2025-06-26 13:25:50 | Copied JoinThreadBodyToAdmin
2025-06-26 13:25:50 | Copied JoinThreadBodyToJournalist
2025-06-26 13:25:50 | Copied JoinThreadBodyToMedia
2025-06-26 13:25:50 | Copied JoinThreadBodyToOrg
2025-06-26 13:25:50 | Copied JoinThreadBodyToPressRelease
2025-06-26 13:25:50 | Copied JoinThreadBodyToTag
2025-06-26 13:25:50 | Copied JoinUserToMediaSrchOpt
2025-06-26 13:25:51 | Copied JoinUserToService
2025-06-26 13:25:51 | Copied JrnlstArticle
2025-06-26 13:25:51 | Copied JrnlstUser
2025-06-26 13:25:51 | Copied Kofst
2025-06-26 13:25:51 | Copied MbrSizeFilter
2025-06-26 13:25:51 | Copied MbrSizeFilterGage
2025-06-26 13:25:51 | Copied MediaArticle
2025-06-26 13:25:51 | Copied MonthlyTagging
2025-06-26 13:25:51 | Copied MpRate
2025-06-26 13:25:51 | Copied MpRateFilter
2025-06-26 13:25:52 | Copied NewsCntMonthly
2025-06-26 13:25:53 | Copied NewsCntWeekly
2025-06-26 13:25:53 | Copied NwMember
2025-06-26 13:25:53 | Copied OldRef
2025-06-26 13:25:53 | Copied QuarterlyTagging
2025-06-26 13:25:53 | Copied RankeyFilter
2025-06-26 13:25:53 | Copied RawIDs
2025-06-26 13:25:53 | Copied RawProdPrice
2025-06-26 13:25:53 | Copied RawProduct
2025-06-26 13:25:53 | Copied RunningItem
2025-06-26 13:25:53 | Copied Service
2025-06-26 13:25:54 | Copied SplashSvrs
2025-06-26 13:25:54 | Copied SvcPrice
2025-06-26 13:25:54 | Copied TagSubCategory
2025-06-26 13:25:54 | Copied ThreadGroup
2025-06-26 13:25:54 | Copied TvRateFilter
2025-06-26 13:25:54 | Copied User
2025-06-26 13:25:54 | Copied WeeklyTagging
2025-06-26 13:25:54 | Copied mediaon
2025-06-26 13:25:54 | Copied ndsoft
2025-06-26 13:25:54 | Copied news
2025-06-26 13:25:54 | Copied pdc2018
2025-06-26 13:25:54 | Copied portal_update
2025-06-26 13:28:15 | Copied JoinTagSubCategoryToJrnlstsSaved
